<?xml version="1.0" encoding="UTF-8"?>
<!-- Generated by org.testng.reporters.JUnitXMLReporter -->
<testsuite hostname="Kavuris-MacBook-Pro.local" ignored="0" name="ThirdTest" tests="4" failures="1" timestamp="2020-03-01T17:06:30 GMT" time="0.025" errors="0">
  <testcase name="logintetsC" time="0.001" classname="testBase.C">
    <skipped/>
  </testcase> <!-- logintetsC -->
  <testcase name="logintetsC" time="0.0" classname="testBase.C">
    <skipped/>
  </testcase> <!-- logintetsC -->
  <testcase name="logintetsC" time="0.0" classname="testBase.C">
    <skipped/>
  </testcase> <!-- logintetsC -->
  <testcase name="logintetsC" time="0.0" classname="testBase.C">
    <failure type="java.lang.AssertionError">
      <![CDATA[java.lang.AssertionError
at testBase.C.logintetsC(C.java:10)
at java.util.ArrayList.forEach(ArrayList.java:1255)
... Removed 26 stack frames]]>
    </failure>
  </testcase> <!-- logintetsC -->
</testsuite> <!-- ThirdTest -->
